C:\Users\ATIS User\source\repos\TestProject\ClientApp\dist\out-tsc\e2e\src\app.po.js
C:\Users\ATIS User\source\repos\TestProject\ClientApp\dist\out-tsc\e2e\src\app.po.js.map
C:\Users\ATIS User\source\repos\TestProject\ClientApp\dist\out-tsc\e2e\src\app.e2e-spec.js
C:\Users\ATIS User\source\repos\TestProject\ClientApp\dist\out-tsc\e2e\src\app.e2e-spec.js.map
C:\Users\ATIS User\source\repos\TestProject\ClientApp\dist\out-tsc\src\initialize_testbed.js
C:\Users\ATIS User\source\repos\TestProject\ClientApp\dist\out-tsc\src\initialize_testbed.js.map
C:\Users\ATIS User\source\repos\TestProject\ClientApp\dist\out-tsc\src\main.dev.js
C:\Users\ATIS User\source\repos\TestProject\ClientApp\dist\out-tsc\src\main.dev.js.map
C:\Users\ATIS User\source\repos\TestProject\ClientApp\dist\out-tsc\src\main.prod.js
C:\Users\ATIS User\source\repos\TestProject\ClientApp\dist\out-tsc\src\main.prod.js.map
C:\Users\ATIS User\source\repos\TestProject\ClientApp\dist\out-tsc\src\app\employee-by-id\employee-by-id.component.js
C:\Users\ATIS User\source\repos\TestProject\ClientApp\dist\out-tsc\src\app\employee-by-id\employee-by-id.component.js.map
C:\Users\ATIS User\source\repos\TestProject\ClientApp\dist\out-tsc\src\app\models\employee.js
C:\Users\ATIS User\source\repos\TestProject\ClientApp\dist\out-tsc\src\app\models\employee.js.map
C:\Users\ATIS User\source\repos\TestProject\ClientApp\dist\out-tsc\src\environments\environment.js
C:\Users\ATIS User\source\repos\TestProject\ClientApp\dist\out-tsc\src\environments\environment.js.map
C:\Users\ATIS User\source\repos\TestProject\ClientApp\dist\out-tsc\src\app\services\employee.service.js
C:\Users\ATIS User\source\repos\TestProject\ClientApp\dist\out-tsc\src\app\services\employee.service.js.map
C:\Users\ATIS User\source\repos\TestProject\ClientApp\dist\out-tsc\src\app\employee-edit\employee-edit.component.js
C:\Users\ATIS User\source\repos\TestProject\ClientApp\dist\out-tsc\src\app\employee-edit\employee-edit.component.js.map
C:\Users\ATIS User\source\repos\TestProject\ClientApp\dist\out-tsc\src\app\employee-list\employee-list.component.js
C:\Users\ATIS User\source\repos\TestProject\ClientApp\dist\out-tsc\src\app\employee-list\employee-list.component.js.map
C:\Users\ATIS User\source\repos\TestProject\ClientApp\dist\out-tsc\src\app\app-routing.module.js
C:\Users\ATIS User\source\repos\TestProject\ClientApp\dist\out-tsc\src\app\app-routing.module.js.map
C:\Users\ATIS User\source\repos\TestProject\ClientApp\dist\out-tsc\src\app\app.component.js
C:\Users\ATIS User\source\repos\TestProject\ClientApp\dist\out-tsc\src\app\app.component.js.map
C:\Users\ATIS User\source\repos\TestProject\ClientApp\dist\out-tsc\src\app\new\new-c\new-c.component.js
C:\Users\ATIS User\source\repos\TestProject\ClientApp\dist\out-tsc\src\app\new\new-c\new-c.component.js.map
C:\Users\ATIS User\source\repos\TestProject\ClientApp\dist\out-tsc\src\app\app.module.js
C:\Users\ATIS User\source\repos\TestProject\ClientApp\dist\out-tsc\src\app\app.module.js.map
C:\Users\ATIS User\source\repos\TestProject\ClientApp\dist\out-tsc\src\main.js
C:\Users\ATIS User\source\repos\TestProject\ClientApp\dist\out-tsc\src\main.js.map
C:\Users\ATIS User\source\repos\TestProject\ClientApp\dist\out-tsc\src\polyfills.js
C:\Users\ATIS User\source\repos\TestProject\ClientApp\dist\out-tsc\src\polyfills.js.map
C:\Users\ATIS User\source\repos\TestProject\ClientApp\dist\out-tsc\src\test.js
C:\Users\ATIS User\source\repos\TestProject\ClientApp\dist\out-tsc\src\test.js.map
C:\Users\ATIS User\source\repos\TestProject\ClientApp\dist\out-tsc\src\app\app.component.spec.js
C:\Users\ATIS User\source\repos\TestProject\ClientApp\dist\out-tsc\src\app\app.component.spec.js.map
C:\Users\ATIS User\source\repos\TestProject\ClientApp\dist\out-tsc\src\app\chat\chat.service.js
C:\Users\ATIS User\source\repos\TestProject\ClientApp\dist\out-tsc\src\app\chat\chat.service.js.map
C:\Users\ATIS User\source\repos\TestProject\ClientApp\dist\out-tsc\src\app\chat\chat-dialog\chat-dialog.component.js
C:\Users\ATIS User\source\repos\TestProject\ClientApp\dist\out-tsc\src\app\chat\chat-dialog\chat-dialog.component.js.map
C:\Users\ATIS User\source\repos\TestProject\ClientApp\dist\out-tsc\src\app\chat\chat.module.js
C:\Users\ATIS User\source\repos\TestProject\ClientApp\dist\out-tsc\src\app\chat\chat.module.js.map
C:\Users\ATIS User\source\repos\TestProject\ClientApp\dist\out-tsc\src\app\chat\chat.service.spec.js
C:\Users\ATIS User\source\repos\TestProject\ClientApp\dist\out-tsc\src\app\chat\chat.service.spec.js.map
C:\Users\ATIS User\source\repos\TestProject\ClientApp\dist\out-tsc\src\app\chat\chat-dialog\chat-dialog.component.spec.js
C:\Users\ATIS User\source\repos\TestProject\ClientApp\dist\out-tsc\src\app\chat\chat-dialog\chat-dialog.component.spec.js.map
C:\Users\ATIS User\source\repos\TestProject\ClientApp\dist\out-tsc\src\app\employee-by-id\employee-by-id.component.spec.js
C:\Users\ATIS User\source\repos\TestProject\ClientApp\dist\out-tsc\src\app\employee-by-id\employee-by-id.component.spec.js.map
C:\Users\ATIS User\source\repos\TestProject\ClientApp\dist\out-tsc\src\app\employee-edit\employee-edit.component.spec.js
C:\Users\ATIS User\source\repos\TestProject\ClientApp\dist\out-tsc\src\app\employee-edit\employee-edit.component.spec.js.map
C:\Users\ATIS User\source\repos\TestProject\ClientApp\dist\out-tsc\src\app\employee-list\employee-list.component.spec.js
C:\Users\ATIS User\source\repos\TestProject\ClientApp\dist\out-tsc\src\app\employee-list\employee-list.component.spec.js.map
C:\Users\ATIS User\source\repos\TestProject\ClientApp\dist\out-tsc\src\app\new\new-c\new-c.component.spec.js
C:\Users\ATIS User\source\repos\TestProject\ClientApp\dist\out-tsc\src\app\new\new-c\new-c.component.spec.js.map
C:\Users\ATIS User\source\repos\TestProject\ClientApp\dist\out-tsc\src\app\services\employee.service.spec.js
C:\Users\ATIS User\source\repos\TestProject\ClientApp\dist\out-tsc\src\app\services\employee.service.spec.js.map
C:\Users\ATIS User\source\repos\TestProject\ClientApp\dist\out-tsc\src\environments\environment.prod.js
C:\Users\ATIS User\source\repos\TestProject\ClientApp\dist\out-tsc\src\environments\environment.prod.js.map
